<?xml version="1.0" encoding="utf-8"?><testsuites name="pytest tests"><testsuite name="pytest" errors="0" failures="0" skipped="41" tests="5154" time="766.143" timestamp="2026-07-28T18:16:35.804531-05:00" hostname="Kevin"><testcase classname="tests.steward.test_campaign_adoption_packet" name="test_builds_one_exact_adopt_packet_with_paths_hashes_and_tracker_proposal" time="0.063" /><testcase classname="tests.steward.test_campaign_adoption_packet" name="test_missing_and_duplicate_packets_fail_validation" time="0.023" /><testcase classname="tests.steward.test_campaign_adoption_packet" name="test_unsupported_decision_and_output_reuse_fail_closed" time="0.029" /><testcase classname="tests.steward.test_campaign_adoption_packet" name="test_adopt_and_tracker_completion_cannot_overclaim_failure" time="0.027" /><testcase classname="tests.steward.test_campaign_adoption_packet" name="test_partial_and_reject_require_limitations" time="0.012" /><testcase classname="tests.steward.test_campaign_adoption_packet" name="test_partial_packet_preserves_exceptions_and_noncomplete_tracker_proposal" time="0.034" /><testcase classname="tests.steward.test_campaign_adoption_packet" name="test_resealed_authority_decision_and_evidence_tampering_fail_closed" time="0.054" /><testcase classname="tests.steward.test_campaign_builder" name="test_engineering_campaign_splits_at_25_without_drops" time="0.001" /><testcase classname="tests.steward.test_campaign_builder" name="test_mask_campaign_splits_at_100_records" time="0.001" /><testcase classname="tests.steward.test_campaign_builder" name="test_compatibility_and_context_caps_split_deterministically" time="0.000" /><testcase classname="tests.steward.test_campaign_builder" name="test_dependency_and_durable_states_are_accounted_not_silently_dropped" time="0.000" /><testcase classname="tests.steward.test_campaign_builder" name="test_oversize_candidate_fails_closed_with_accounting" time="0.000" /><testcase classname="tests.steward.test_campaign_builder" name="test_contradictory_states_and_duplicate_candidates_fail_closed" time="0.001" /><testcase classname="tests.steward.test_campaign_builder" name="test_identical_inputs_produce_identical_campaign_ids" time="0.000" /><testcase classname="tests.steward.test_campaign_reconciliation" name="test_closed_campaign_reconciles_ledger_transitions_and_artifact_bytes" time="0.304" /><testcase classname="tests.steward.test_campaign_reconciliation" name="test_nonterminal_ledger_mission_fails_closed" time="0.213" /><testcase classname="tests.steward.test_campaign_reconciliation" name="test_route_drift_between_ledger_and_telemetry_fails_closed" time="0.229" /><testcase classname="tests.steward.test_campaign_reconciliation" name="test_artifact_byte_or_path_set_drift_fails_closed" time="0.293" /><testcase classname="tests.steward.test_campaign_reconciliation" name="test_accepted_artifact_flag_must_match_telemetry" time="0.212" /><testcase classname="tests.steward.test_campaign_reconciliation" name="test_missing_local_release_fails_before_receipt" time="0.241" /><testcase classname="tests.steward.test_campaign_reconciliation" name="test_slo_gate_requires_and_replays_exact_reconciliation" time="0.499" /><testcase classname="tests.steward.test_campaign_reconciliation" name="test_under_target_reconciled_campaign_remains_failed" time="0.344" /><testcase classname="tests.steward.test_campaign_reconciliation" name="test_slo_gate_rejects_reconciliation_receipt_drift" time="0.282" /><testcase classname="tests.steward.test_campaign_slo" name="test_target_campaign_passes_exact_slo_evaluation[engineering]" time="0.066" /><testcase classname="tests.steward.test_campaign_slo" name="test_target_campaign_passes_exact_slo_evaluation[mask]" time="0.066" /><testcase classname="tests.steward.test_campaign_slo" name="test_target_campaign_passes_exact_slo_evaluation[mixed]" time="0.067" /><testcase classname="tests.steward.test_campaign_slo" name="test_each_under_target_measure_fails_its_gate[path0-19-autonomous_preparation]" time="0.033" /><testcase classname="tests.steward.test_campaign_slo" name="test_each_under_target_measure_fails_its_gate[path1-2-handoff_suppression]" time="0.035" /><testcase classname="tests.steward.test_campaign_slo" name="test_each_under_target_measure_fails_its_gate[path2-31-codex_reduction]" time="0.034" /><testcase classname="tests.steward.test_campaign_slo" name="test_each_under_target_measure_fails_its_gate[path3-1-zero_duplicates]" time="0.034" /><testcase classname="tests.steward.test_campaign_slo" name="test_each_under_target_measure_fails_its_gate[path4-1-zero_duplicates]" time="0.033" /><testcase classname="tests.steward.test_campaign_slo" name="test_each_under_target_measure_fails_its_gate[path5-24-full_terminal_reconciliation]" time="0.033" /><testcase classname="tests.steward.test_campaign_slo" name="test_each_under_target_measure_fails_its_gate[path6-1-full_local_gpu_release]" time="0.035" /><testcase classname="tests.steward.test_campaign_slo" name="test_each_under_target_measure_fails_its_gate[path7-1-no_authority_bypass]" time="0.038" /><testcase classname="tests.steward.test_campaign_slo" name="test_missing_or_contradictory_denominators_fail_closed[path0-0-autonomous preparation denominator]" time="0.034" /><testcase classname="tests.steward.test_campaign_slo" name="test_missing_or_contradictory_denominators_fail_closed[path1-0-baseline must be positive]" time="0.033" /><testcase classname="tests.steward.test_campaign_slo" name="test_missing_or_contradictory_denominators_fail_closed[path2-0-terminal reconciliation denominator]" time="0.033" /><testcase classname="tests.steward.test_campaign_slo" name="test_missing_or_contradictory_denominators_fail_closed[path3-3-released local GPU work cells exceed]" time="0.032" /><testcase classname="tests.steward.test_campaign_slo" name="test_zero_local_work_cells_is_vacuously_fully_released" time="0.033" /><testcase classname="tests.steward.test_campaign_slo" name="test_schema_missing_measure_fails_closed" time="0.031" /><testcase classname="tests.steward.test_campaign_slo" name="test_schema_valid_rehashed_result_drift_fails_replay" time="0.064" /><testcase classname="tests.steward.test_campaign_telemetry" name="test_25_mission_telemetry_reconciles_ledger_and_artifact_facts" time="0.124" /><testcase classname="tests.steward.test_campaign_telemetry" name="test_duplicate_submissions_and_promotions_are_measured_not_hidden" time="0.047" /><testcase classname="tests.steward.test_campaign_telemetry" name="test_route_omission_or_dual_route_fails_closed" time="0.013" /><testcase classname="tests.steward.test_campaign_telemetry" name="test_unmatched_gpu_release_fails_closed" time="0.009" /><testcase classname="tests.steward.test_campaign_telemetry" name="test_accepted_artifact_without_produced_evidence_fails_closed" time="0.014" /><testcase classname="tests.steward.test_campaign_telemetry" name="test_duplicate_artifact_or_release_evidence_fails_closed" time="0.010" /><testcase classname="tests.steward.test_campaign_telemetry" name="test_duplicate_release_evidence_fails_closed" time="0.011" /><testcase classname="tests.steward.test_campaign_telemetry" name="test_codex_usage_without_accepted_artifact_fails_closed" time="0.013" /><testcase classname="tests.steward.test_campaign_telemetry" name="test_event_self_hash_drift_fails_closed" time="0.006" /><testcase classname="tests.steward.test_campaign_telemetry" name="test_recovery_mask_and_failure_metrics_are_exact" time="0.049" /><testcase classname="tests.steward.test_campaign_telemetry" name="test_schema_valid_but_rehashed_telemetry_drift_is_rejected" time="0.126" /><testcase classname="tests.steward.test_canonical_source_inventory" name="test_inventory_classifies_exact_union_and_preserves_dirty_worktree" time="0.990" /><testcase classname="tests.steward.test_canonical_source_inventory" name="test_inventory_replay_is_deterministic_and_tamper_fails" time="1.406" /><testcase classname="tests.steward.test_canonical_source_inventory" name="test_inventory_excludes_generated_python_bytecode_from_source_scope" time="1.006" /><testcase classname="tests.steward.test_canonical_source_inventory" name="test_exact_resolution_evidence_closes_only_bound_conflict" time="1.632" /><testcase classname="tests.steward.test_canonical_source_inventory" name="test_authority_supersession_requires_exact_authority_and_test_lineage" time="1.727" /><testcase classname="tests.steward.test_canonical_source_inventory" name="test_authority_aligned_resolution_can_bootstrap_without_prior_same_commit" time="1.533" /><testcase classname="tests.steward.test_canonical_source_inventory" name="test_inventory_rejects_non_root_and_bad_authority_hash" time="0.517" /><testcase classname="tests.steward.test_completion_throughput_gate" name="test_v1_2_migration_preserves_prior_profile_evidence_and_adds_product_gates" time="0.001" /><testcase classname="tests.steward.test_completion_throughput_gate" name="test_prior_core_evidence_cannot_satisfy_new_throughput_gate" time="0.033" /><testcase classname="tests.steward.test_completion_throughput_gate" name="test_throughput_gate_does_not_block_optional_accuracy_profile" time="0.023" /><testcase classname="tests.steward.test_completion_throughput_gate" name="test_registry_and_schema_are_closed_and_valid" time="0.004" /><testcase classname="tests.steward.test_completion_throughput_gate" name="test_tracker_validation_rejects_throughput_gate_drift" time="0.042" /><testcase classname="tests.steward.test_continuous_contract" name="test_frozen_authority_schemas_and_item_ids_have_no_drift" time="0.036" /><testcase classname="tests.steward.test_continuous_contract" name="test_stale_authority_hash_fails_closed" time="0.153" /><testcase classname="tests.steward.test_continuous_contract" name="test_stale_schema_hash_fails_closed" time="0.130" /><testcase classname="tests.steward.test_continuous_contract" name="test_missing_authority_cross_reference_fails_with_refreshed_hash" time="0.137" /><testcase classname="tests.steward.test_continuous_contract" name="test_duplicate_authority_item_id_fails_with_refreshed_hash" time="0.144" /><testcase classname="tests.steward.test_continuous_contract" name="test_registry_requires_exact_authority_path_set" time="0.124" /><testcase classname="tests.steward.test_continuous_contract" name="test_duplicate_registry_item_id_fails_even_with_valid_self_hash" time="0.129" /><testcase classname="tests.steward.test_continuous_contract" name="test_closed_telemetry_schema_accepts_complete_document_and_rejects_unknown" time="0.063" /><testcase classname="tests.steward.test_continuous_contract" name="test_acceptance_schema_keeps_throughput_claim_fail_closed" time="0.094" /><testcase classname="tests.steward.test_continuous_contract" name="test_acceptance_schema_rejects_authority_widening" time="0.033" /><testcase classname="tests.steward.test_continuous_ledger" name="test_same_digest_replay_and_different_body_collision" time="0.013" /><testcase classname="tests.steward.test_continuous_ledger" name="test_duplicate_payload_is_suppressed_across_work_ids" time="0.011" /><testcase classname="tests.steward.test_continuous_ledger" name="test_mission_requires_registered_nonterminal_campaign" time="0.007" /><testcase classname="tests.steward.test_continuous_ledger" name="test_closed_transition_graph_reaches_released_terminal" time="0.038" /><testcase classname="tests.steward.test_continuous_ledger" name="test_stale_pid_token_enters_recovery_required" time="0.025" /><testcase classname="tests.steward.test_continuous_ledger" name="test_state_persists_across_ledger_reconstruction" time="0.016" /><testcase classname="tests.steward.test_core" name="test_binding_and_duplicate_suppression" time="0.012" /><testcase classname="tests.steward.test_core" name="test_binding_fails_closed_on_namespace_authority_or_self_hash" time="0.007" /><testcase classname="tests.steward.test_core" name="test_deterministic_replay_allows_raw_envelope_differences" time="0.036" /><testcase classname="tests.steward.test_core" name="test_replay_drift_is_durably_failed" time="0.027" /><testcase classname="tests.steward.test_core" name="test_dead_owner_recovery_refuses_ambiguous_resubmission" time="0.024" /><testcase classname="tests.steward.test_core" name="test_dead_owner_before_request_can_resume_once" time="0.024" /><testcase classname="tests.steward.test_core" name="test_terminal_receipt_reconciles_without_new_model_call" time="0.031" /><testcase classname="tests.steward.test_core" name="test_authority_claim_is_durably_rejected" time="0.041" /><testcase classname="tests.steward.test_core" name="test_request_intent_is_one_shot_and_cannot_change" time="0.022" /><testcase classname="tests.steward.test_core" name="test_run_evidence_requires_prior_matching_request_intent" time="0.024" /><testcase classname="tests.steward.test_core" name="test_stale_reused_pid_does_not_count_as_owned_process" time="0.036" /><testcase classname="tests.steward.test_core" name="test_exact_pid_start_token_keeps_live_owner" time="0.027" /><testcase classname="tests.steward.test_core" name="test_zombie_with_exact_pid_start_token_is_not_live_owner" time="0.033" /><testcase classname="tests.steward.test_engineering_campaign_packet" name="test_25_terminal_missions_emit_one_replayable_packet" time="3.344" /><testcase classname="tests.steward.test_engineering_campaign_packet" name="test_missing_duplicate_or_reordered_mission_evidence_fails_closed" time="2.407" /><testcase classname="tests.steward.test_engineering_campaign_packet" name="test_non_success_or_failed_slo_cannot_recommend_adopt" time="4.132" /><testcase classname="tests.steward.test_engineering_campaign_packet" name="test_source_or_packet_drift_is_rejected" time="2.840" /><testcase classname="tests.steward.test_engineering_campaign_preparer" name="test_prepares_exact_tracker_bound_25_mission_campaign" time="2.294" /><testcase classname="tests.steward.test_engineering_campaign_preparer" name="test_exact_replay_and_evidence_drift_refusal" time="2.178" /><testcase classname="tests.steward.test_engineering_campaign_preparer" name="test_repeated_source_set_uses_one_git_packet_snapshot_per_campaign" time="2.051" /><testcase classname="tests.steward.test_engineering_campaign_preparer" name="test_reused_packet_source_drift_refuses_campaign_before_binding" time="1.790" /><testcase classname="tests.steward.test_engineering_campaign_preparer" name="test_tracker_selection_mismatch_fails_before_packet_creation" time="0.338" /><testcase classname="tests.steward.test_engineering_campaign_preparer" name="test_lossless_batch_and_clean_git_bytes_are_mandatory" time="0.356" /><testcase classname="tests.steward.test_engineering_campaign_preparer" name="test_noncanonical_source_materialization_fails_closed" time="0.221" /><testcase classname="tests.steward.test_engineering_campaign_preparer" name="test_standalone_preparer_resolves_project_imports" time="0.290" /><testcase classname="tests.steward.test_engineering_campaign_runtime" name="test_engineering_telemetry_deployment_closure_and_short_launch" time="0.021" /><testcase classname="tests.steward.test_engineering_campaign_runtime" name="test_binding_requires_exact_unique_25_missions" time="0.597" /><testcase classname="tests.steward.test_engineering_campaign_runtime" name="test_one_runtime_lifetime_executes_and_releases_all_25" time="2.524" /><testcase classname="tests.steward.test_engineering_campaign_runtime" name="test_real_runtime_emits_one_exact_adoption_packet" time="3.753" /><testcase classname="tests.steward.test_engineering_campaign_runtime" name="test_ambiguous_request_is_never_reissued_and_unrelated_missions_continue" time="1.981" /><testcase classname="tests.steward.test_engineering_campaign_runtime" name="test_restart_reconstructs_live_owned_service_without_second_launch" time="1.948" /><testcase classname="tests.steward.test_engineering_campaign_runtime" name="test_restart_with_durable_request_intent_never_reissues_and_continues" time="1.985" /><testcase classname="tests.steward.test_engineering_campaign_runtime" name="test_restart_after_attach_before_request_resumes_without_second_launch" time="2.031" /><testcase classname="tests.steward.test_engineering_campaign_runtime" name="test_runtime_launch_failure_is_not_retried_and_all_missions_release" time="1.254" /><testcase classname="tests.steward.test_engineering_campaign_runtime_cli" name="test_run_requires_exact_guarded_child_context" time="0.003" /><testcase classname="tests.steward.test_engineering_campaign_runtime_cli" name="test_guard_context_contains_no_owner_token" time="0.002" /><testcase classname="tests.steward.test_evidence_locator" name="test_builded_locator_is_deterministic_and_writeable" time="0.014" /><testcase classname="tests.steward.test_evidence_locator" name="test_accepted_entry_requires_output_and_terminal" time="0.001" /><testcase classname="tests.steward.test_evidence_locator" name="test_historical_and_blocked_entries_remain_recorded_without_acceptance" time="0.001" /><testcase classname="tests.steward.test_evidence_locator" name="test_tampering_relative_paths_hashes_and_duplicate_parent_are_rejected" time="0.001" /><testcase classname="tests.steward.test_evidence_locator" name="test_repository_locations_require_exact_artifact_bindings" time="0.001" /><testcase classname="tests.steward.test_evidence_locator" name="test_repository_evidence_verification_checks_exact_bytes_and_hashes" time="0.033" /><testcase classname="tests.steward.test_evidence_locator" name="test_repository_evidence_verification_requires_current_authority_files" time="0.020" /><testcase classname="tests.steward.test_evidence_locator" name="test_repository_evidence_verification_reconstructs_declared_git_source" time="0.737" /><testcase classname="tests.steward.test_evidence_locator" name="test_authority_paths_are_relative_and_cannot_escape" time="0.001" /><testcase classname="tests.steward.test_evidence_locator" name="test_read_only_verifier_cli_checks_bound_repository_bytes" time="0.344" /><testcase classname="tests.steward.test_evidence_locator" name="test_read_only_verifier_cli_rejects_locator_escape" time="0.174" /><testcase classname="tests.steward.test_exception_escalation" name="test_each_closed_exception_category_escalates[authority_conflict]" time="0.001" /><testcase classname="tests.steward.test_exception_escalation" name="test_each_closed_exception_category_escalates[contradictory_truth]" time="0.001" /><testcase classname="tests.steward.test_exception_escalation" name="test_each_closed_exception_category_escalates[destructive_or_external_authority]" time="0.001" /><testcase classname="tests.steward.test_exception_escalation" name="test_each_closed_exception_category_escalates[policy_or_schema_change]" time="0.000" /><testcase classname="tests.steward.test_exception_escalation" name="test_each_closed_exception_category_escalates[repair_exhaustion]" time="0.000" /><testcase classname="tests.steward.test_exception_escalation" name="test_each_closed_exception_category_escalates[security_or_credentials]" time="0.000" /><testcase classname="tests.steward.test_exception_escalation" name="test_each_closed_exception_category_escalates[terminal_adoption]" time="0.000" /><testcase classname="tests.steward.test_exception_escalation" name="test_each_closed_exception_category_escalates[unreconciled_ambiguity]" time="0.000" /><testcase classname="tests.steward.test_exception_escalation" name="test_convenience_and_bookkeeping_categories_continue_without_handoff[bookkeeping]" time="0.000" /><testcase classname="tests.steward.test_exception_escalation" name="test_convenience_and_bookkeeping_categories_continue_without_handoff[convenience]" time="0.001" /><testcase classname="tests.steward.test_exception_escalation" name="test_convenience_and_bookkeeping_categories_continue_without_handoff[intermediate_validation]" time="0.000" /><testcase classname="tests.steward.test_exception_escalation" name="test_convenience_and_bookkeeping_categories_continue_without_handoff[routine_success]" time="0.000" /><testcase classname="tests.steward.test_exception_escalation" name="test_convenience_and_bookkeeping_categories_continue_without_handoff[status_request]" time="0.000" /><testcase classname="tests.steward.test_exception_escalation" name="test_ambiguity_continues_internal_recovery_until_exhausted" time="0.000" /><testcase classname="tests.steward.test_exception_escalation" name="test_routine_label_cannot_hide_a_hard_failure[bookkeeping]" time="0.000" /><testcase classname="tests.steward.test_exception_escalation" name="test_routine_label_cannot_hide_a_hard_failure[convenience]" time="0.001" /><testcase classname="tests.steward.test_exception_escalation" name="test_routine_label_cannot_hide_a_hard_failure[intermediate_validation]" time="0.000" /><testcase classname="tests.steward.test_exception_escalation" name="test_routine_label_cannot_hide_a_hard_failure[routine_success]" time="0.000" /><testcase classname="tests.steward.test_exception_escalation" name="test_routine_label_cannot_hide_a_hard_failure[status_request]" time="0.000" /><testcase classname="tests.steward.test_exception_escalation" name="test_required_exception_facts_fail_closed[security_or_credentials-facts0-requires external_authority_required]" time="0.000" /><testcase classname="tests.steward.test_exception_escalation" name="test_required_exception_facts_fail_closed[destructive_or_external_authority-facts1-requires external_authority_required]" time="0.000" /><testcase classname="tests.steward.test_exception_escalation" name="test_required_exception_facts_fail_closed[authority_conflict-facts2-requires external_authority_required]" time="0.000" /><testcase classname="tests.steward.test_exception_escalation" name="test_required_exception_facts_fail_closed[repair_exhaustion-facts3-requires hard_failure]" time="0.000" /><testcase classname="tests.steward.test_exception_escalation" name="test_required_exception_facts_fail_closed[terminal_adoption-facts4-requires terminal_decision_required]" time="0.000" /><testcase classname="tests.steward.test_exception_escalation" name="test_internal_repair_exhaustion_without_hard_failure_fails_closed" time="0.000" /><testcase classname="tests.steward.test_exception_escalation" name="test_unknown_fields_and_unsupported_categories_fail_closed" time="0.000" /><testcase classname="tests.steward.test_exception_escalation" name="test_event_hash_drift_and_rehashed_result_drift_fail_replay" time="0.000" /><testcase classname="tests.steward.test_exception_escalation" name="test_invalid_boolean_is_rejected_instead_of_coerced" time="0.000" /><testcase classname="tests.steward.test_exception_escalation" name="test_cross_category_authority_facts_fail_closed[contradictory_truth-facts0-external authority fact contradicts]" time="0.001" /><testcase classname="tests.steward.test_exception_escalation" name="test_cross_category_authority_facts_fail_closed[policy_or_schema_change-facts1-terminal decision fact contradicts]" time="0.000" /><testcase classname="tests.steward.test_exception_escalation" name="test_noncanonical_detail_fails_closed" time="0.000" /><testcase classname="tests.steward.test_fallback_campaign_producer" name="test_produces_one_bounded_unblocked_cluster_and_is_idempotent" time="0.052" /><testcase classname="tests.steward.test_fallback_campaign_producer" name="test_new_tracker_snapshot_gets_new_identity_without_reissue" time="0.044" /><testcase classname="tests.steward.test_fallback_campaign_producer" name="test_multiple_advisory_modes_are_rejected_before_micro_fanout" time="0.003" /><testcase classname="tests.steward.test_fallback_campaign_producer" name="test_manager_change_forces_material_successor_identity" time="0.055" /><testcase classname="tests.steward.test_fallback_dispatcher" name="test_serverless_and_openrouter_advance_concurrently_and_terminalize" time="0.121" /><testcase classname="tests.steward.test_fallback_dispatcher" name="test_serverless_semantic_false_is_terminal_failure" time="0.084" /><testcase classname="tests.steward.test_fallback_dispatcher" name="test_openrouter_cap_rejection_is_not_retried_on_next_poll" time="0.073" /><testcase classname="tests.steward.test_fallback_dispatcher" name="test_work_item_hash_drift_fails_before_route_claim" time="0.046" /><testcase classname="tests.steward.test_fallback_dispatcher" name="test_manager_proven_openrouter_failure_is_terminal_and_not_repolled" time="0.133" /><testcase classname="tests.steward.test_fallback_dispatcher" name="test_legacy_unbound_work_item_is_preserved_but_not_dispatched" time="0.032" /><testcase classname="tests.steward.test_goal_selector" name="test_selects_next_plan27_dependency_ahead_of_micro_bookkeeping" time="0.012" /><testcase classname="tests.steward.test_goal_selector" name="test_dependency_blocks_successor_until_complete" time="0.011" /><testcase classname="tests.steward.test_goal_selector" name="test_inference_unavailable_continues_cpu_safe_fault_drill" time="0.017" /><testcase classname="tests.steward.test_goal_selector" name="test_first_real_campaign_preempts_later_telemetry_after_foundation" time="0.013" /><testcase classname="tests.steward.test_goal_selector" name="test_first_real_campaign_stays_blocked_without_direct_prerequisite" time="0.011" /><testcase classname="tests.steward.test_goal_selector" name="test_durable_states_suppress_reissue_and_select_next_safe_unit" time="0.011" /><testcase classname="tests.steward.test_goal_selector" name="test_repeated_no_progress_switches_to_next_unblocked_lane" time="0.011" /><testcase classname="tests.steward.test_goal_selector" name="test_superseded_item_is_not_reissued" time="0.013" /><testcase classname="tests.steward.test_goal_selector" name="test_contradictory_durable_states_fail_closed" time="0.013" /><testcase classname="tests.steward.test_goal_selector" name="test_selection_is_deterministic_for_identical_tracker_state" time="0.033" /><testcase classname="tests.steward.test_goal_selector" name="test_returns_none_when_no_eligible_work_exists" time="0.012" /><testcase classname="tests.steward.test_handoff_suppression" name="test_ordinary_campaign_has_one_terminal_handoff_only" time="0.001" /><testcase classname="tests.steward.test_handoff_suppression" name="test_typed_exception_and_terminal_handoff_are_bound" time="0.001" /><testcase classname="tests.steward.test_handoff_suppression" name="test_campaign_local_non_escalation_is_bound_without_codex_handoff" time="0.001" /><testcase classname="tests.steward.test_handoff_suppression" name="test_routine_handoff_fails_campaign_audit" time="0.001" /><testcase classname="tests.steward.test_handoff_suppression" name="test_exception_event_and_typed_decision_must_match_exactly[events0-records0-lacks a typed escalation]" time="0.001" /><testcase classname="tests.steward.test_handoff_suppression" name="test_exception_event_and_typed_decision_must_match_exactly[events1-records1-lacks a Codex exception event]" time="0.001" /><testcase classname="tests.steward.test_handoff_suppression" name="test_exception_event_and_typed_decision_must_match_exactly[events2-records2-lacks a typed escalation]" time="0.001" /><testcase classname="tests.steward.test_handoff_suppression" name="test_terminal_adoption_must_be_unique_campaign_scoped_and_final" time="0.001" /><testcase classname="tests.steward.test_handoff_suppression" name="test_unordered_duplicate_and_cross_campaign_evidence_fail_closed" time="0.001" /><testcase classname="tests.steward.test_handoff_suppression" name="test_rehashed_audit_drift_fails_deterministic_replay" time="0.000" /><testcase classname="tests.steward.test_interrupted_recovery_drill" name="test_actual_child_interruption_reconstructs_without_resend" time="0.548" /><testcase classname="tests.steward.test_interrupted_recovery_drill" name="test_existing_drill_verifier_replays_hashes_without_rerun" time="0.482" /><testcase classname="tests.steward.test_interrupted_recovery_drill" name="test_relative_output_root_is_resolved_before_child_launch" time="0.573" /><testcase classname="tests.steward.test_local_campaign_dispatcher" name="test_launch_intent_precedes_one_guarded_child_and_replay_does_not_reissue" time="0.338" /><testcase classname="tests.steward.test_local_campaign_dispatcher" name="test_dead_guard_without_campaign_terminal_fails_closed_and_never_reissues" time="0.290" /><testcase classname="tests.steward.test_local_campaign_dispatcher" name="test_crash_before_pid_persist_reconstructs_exact_guard_process" time="0.278" /><testcase classname="tests.steward.test_local_campaign_dispatcher" name="test_same_identity_on_other_route_blocks_local_launch" time="0.248" /><testcase classname="tests.steward.test_local_campaign_dispatcher" name="test_existing_later_sorted_active_intent_prevents_new_local_launch" time="0.813" /><testcase classname="tests.steward.test_local_campaign_dispatcher" name="test_cpu_fake_runtime_end_to_end_dispatches_25_once_and_replays_terminal" time="2.224" /><testcase classname="tests.steward.test_mask_campaign_input" name="test_exact_semantic_resources_and_independent_providers_admit" time="0.067" /><testcase classname="tests.steward.test_mask_campaign_input" name="test_every_missing_semantic_resource_abstains_before_inference[source_image]" time="0.011" /><testcase classname="tests.steward.test_mask_campaign_input" name="test_every_missing_semantic_resource_abstains_before_inference[label_region]" time="0.012" /><testcase classname="tests.steward.test_mask_campaign_input" name="test_every_missing_semantic_resource_abstains_before_inference[owner_region]" time="0.013" /><testcase classname="tests.steward.test_mask_campaign_input" name="test_every_missing_semantic_resource_abstains_before_inference[side_region]" time="0.012" /><testcase classname="tests.steward.test_mask_campaign_input" name="test_every_missing_semantic_resource_abstains_before_inference[neighbor_region]" time="0.012" /><testcase classname="tests.steward.test_mask_campaign_input" name="test_every_missing_semantic_resource_abstains_before_inference[protected_region]" time="0.010" /><testcase classname="tests.steward.test_mask_campaign_input" name="test_duplicate_role_hash_mismatch_and_path_escape_abstain" time="0.016" /><testcase classname="tests.steward.test_mask_campaign_input" name="test_geometry_owner_side_neighbor_and_protected_contradictions_abstain" time="0.073" /><testcase classname="tests.steward.test_mask_campaign_input" name="test_provider_count_family_and_capability_are_fail_closed" time="0.026" /><testcase classname="tests.steward.test_mask_campaign_input" name="test_explicit_empty_neighbor_and_protected_resources_are_unambiguous" time="0.018" /><testcase classname="tests.steward.test_mask_campaign_input" name="test_rehashed_preparation_drift_and_shared_resource_paths_fail_closed" time="0.031" /><testcase classname="tests.steward.test_mask_hard_qa_campaign" name="test_valid_candidate_passes_every_hard_check_and_preserves_parent" time="0.001" /><testcase classname="tests.steward.test_mask_hard_qa_campaign" name="test_seeded_hard_qa_faults_veto_before_acceptance[format-format]" time="0.001" /><testcase classname="tests.steward.test_mask_hard_qa_campaign" name="test_seeded_hard_qa_faults_veto_before_acceptance[ontology-ontology]" time="0.001" /><testcase classname="tests.steward.test_mask_hard_qa_campaign" name="test_seeded_hard_qa_faults_veto_before_acceptance[ownership-ownership]" time="0.001" /><testcase classname="tests.steward.test_mask_hard_qa_campaign" name="test_seeded_hard_qa_faults_veto_before_acceptance[laterality-laterality]" time="0.001" /><testcase classname="tests.steward.test_mask_hard_qa_campaign" name="test_seeded_hard_qa_faults_veto_before_acceptance[topology-topology]" time="0.001" /><testcase classname="tests.steward.test_mask_hard_qa_campaign" name="test_seeded_hard_qa_faults_veto_before_acceptance[protected_region-protected_region]" time="0.001" /><testcase classname="tests.steward.test_mask_hard_qa_campaign" name="test_seeded_hard_qa_faults_veto_before_acceptance[complete_map-complete_map]" time="0.001" /><testcase classname="tests.steward.test_mask_hard_qa_campaign" name="test_hypothesis_distinct_repair_passes_without_mutating_parent" time="0.001" /><testcase classname="tests.steward.test_mask_hard_qa_campaign" name="test_no_progress_repair_terminates_without_repeating_hypothesis" time="0.001" /><testcase classname="tests.steward.test_mask_hard_qa_campaign" name="test_repair_callback_failure_is_typed_and_fail_closed" time="0.001" /><testcase classname="tests.steward.test_mask_hard_qa_campaign" name="test_provider_disagreement_is_measured_deterministically" time="0.001" /><testcase classname="tests.steward.test_mask_hard_qa_campaign" name="test_provider_disagreement_abstains_without_blocking_unrelated_records" time="0.003" /><testcase classname="tests.steward.test_mask_hard_qa_campaign" name="test_bad_record_does_not_block_unrelated_record" time="0.001" /><testcase classname="tests.steward.test_mask_hard_qa_campaign" name="test_rehashed_campaign_outcome_drift_is_rejected" time="0.001" /><testcase classname="tests.steward.test_mask_outcome_accounting" name="test_100_record_campaign_reconciles_every_terminal_outcome" time="0.007" /><testcase classname="tests.steward.test_mask_outcome_accounting" name="test_missing_terminal_record_fails_closed" time="0.003" /><testcase classname="tests.steward.test_mask_outcome_accounting" name="test_duplicate_terminal_record_fails_closed" time="0.005" /><testcase classname="tests.steward.test_mask_outcome_accounting" name="test_input_binding_drift_fails_closed" time="0.005" /><testcase classname="tests.steward.test_mask_outcome_accounting" name="test_accept_requires_hard_qa_and_visual_pass" time="0.001" /><testcase classname="tests.steward.test_mask_outcome_accounting" name="test_repair_requires_distinct_mask_and_repair_evidence" time="0.000" /><testcase classname="tests.steward.test_mask_outcome_accounting" name="test_terminal_record_cannot_claim_promotion_or_authority" time="0.000" /><testcase classname="tests.steward.test_mask_outcome_accounting" name="test_rehashed_campaign_semantic_drift_is_rejected" time="0.007" /><testcase classname="tests.steward.test_openrouter_advisory" name="test_ineligible_route_continues_cpu_without_reserve" time="0.029" /><testcase classname="tests.steward.test_openrouter_advisory" name="test_decision_rejection_continues_cpu" time="0.013" /><testcase classname="tests.steward.test_openrouter_advisory" name="test_cap_or_duplicate_rejection_continues_cpu_without_submit[shared UTC-day OpenRouter admission ceiling reached]" time="0.017" /><testcase classname="tests.steward.test_openrouter_advisory" name="test_cap_or_duplicate_rejection_continues_cpu_without_submit[request exceeds the per-request cost ceiling]" time="0.016" /><testcase classname="tests.steward.test_openrouter_advisory" name="test_cap_or_duplicate_rejection_continues_cpu_without_submit[a non-terminal reservation already exists for this job]" time="0.016" /><testcase classname="tests.steward.test_openrouter_advisory" name="test_secret_and_tool_authority_requests_fail_before_manager" time="0.028" /><testcase classname="tests.steward.test_openrouter_advisory" name="test_legacy_unbound_request_fails_before_manager" time="0.014" /><testcase classname="tests.steward.test_openrouter_advisory" name="test_escalation_requires_material_difficulty" time="0.013" /><testcase classname="tests.steward.test_openrouter_advisory" name="test_success_is_terminal_read_only_advice" time="0.030" /><testcase classname="tests.steward.test_openrouter_advisory" name="test_multimodal_attachment_is_bound_and_forwarded" time="0.037" /><testcase classname="tests.steward.test_openrouter_advisory" name="test_async_video_reconciles_without_second_submit" time="0.049" /><testcase classname="tests.steward.test_openrouter_advisory" name="test_submit_timeout_blocks_retry_and_route_change" time="0.019" /><testcase classname="tests.steward.test_openrouter_advisory" name="test_unknown_submit_can_resume_only_after_manager_proves_absence" time="0.021" /><testcase classname="tests.steward.test_openrouter_advisory" name="test_unknown_submit_stays_blocked_when_manager_reports_submitting" time="0.020" /><testcase classname="tests.steward.test_openrouter_advisory" name="test_reservation_parent_binding_mismatch_fails_unknown_without_submit" time="0.020" /><testcase classname="tests.steward.test_openrouter_advisory" name="test_source_has_no_direct_provider_client" time="0.001" /><testcase classname="tests.steward.test_patch_repair_campaign" name="test_success_persists_and_replays_without_callback_reissue" time="0.041" /><testcase classname="tests.steward.test_patch_repair_campaign" name="test_deterministic_nonrepairable_failure_terminates_honestly" time="0.011" /><testcase classname="tests.steward.test_patch_repair_campaign" name="test_repair_exhaustion_persists_every_proposal_and_result" time="0.053" /><testcase classname="tests.steward.test_patch_repair_campaign" name="test_timeout_after_proposal_blocks_runner_and_persists_terminal" time="0.022" /><testcase classname="tests.steward.test_patch_repair_campaign" name="test_repeated_diagnostic_terminates_no_progress" time="0.043" /><testcase classname="tests.steward.test_patch_repair_campaign" name="test_repeated_proposal_terminates_before_duplicate_runner_call" time="0.042" /><testcase classname="tests.steward.test_patch_repair_campaign" name="test_callback_exception_becomes_hashed_deterministic_failure" time="0.025" /><testcase classname="tests.steward.test_patch_repair_campaign" name="test_incomplete_or_tampered_durable_state_blocks_reissue" time="0.035" /><testcase classname="tests.steward.test_patch_repair_campaign" name="test_invalid_scope_authority_and_noop_edits_fail_closed" time="0.042" /><testcase classname="tests.steward.test_patch_repair_campaign" name="test_terminal_verifier_rejects_path_substitution_and_extra_files" time="0.023" /><testcase classname="tests.steward.test_recovery_drill" name="test_real_recovery_drill_reconstructs_and_blocks_resend" time="0.160" /><testcase classname="tests.steward.test_repository_packet" name="test_builds_exact_self_hashed_packet_and_non_git_staging" time="1.606" /><testcase classname="tests.steward.test_repository_packet" name="test_rejects_path_escape_and_scope_violations[source_paths0-scope_roots0-escape]" time="0.249" /><testcase classname="tests.steward.test_repository_packet" name="test_rejects_path_escape_and_scope_violations[source_paths1-scope_roots1-outside]" time="0.357" /><testcase classname="tests.steward.test_repository_packet" name="test_rejects_path_escape_and_scope_violations[source_paths2-scope_roots2-escape]" time="0.244" /><testcase classname="tests.steward.test_repository_packet" name="test_rejects_untracked_and_modified_user_work" time="0.363" /><testcase classname="tests.steward.test_repository_packet" name="test_rejects_secret_paths_and_secret_content" time="0.691" /><testcase classname="tests.steward.test_repository_packet" name="test_rejects_symlink_sources" time="0.000"><skipped type="pytest.skip" message="Windows symlink creation requires privileges not guaranteed in CI">C:\Comfy_UI_Main_Masking\tests\steward\test_repository_packet.py:197: Windows symlink creation requires privileges not guaranteed in CI</skipped></testcase><testcase classname="tests.steward.test_repository_packet" name="test_stale_commit_and_tampered_packet_fail_closed" time="1.003" /><testcase classname="tests.steward.test_repository_packet" name="test_rejects_unexpected_files_reuse_and_insufficient_storage" time="1.230" /><testcase classname="tests.steward.test_repository_packet" name="test_staging_revalidates_source_and_never_overwrites" time="1.860" /><testcase classname="tests.steward.test_repository_packet" name="test_manifest_tampering_and_extra_manifest_fields_fail_closed" time="0.726" /><testcase classname="tests.steward.test_repository_packet" name="test_semantically_resealed_authority_and_secret_path_tampering_fails" time="0.863" /><testcase classname="tests.steward.test_repository_packet" name="test_rejects_packet_or_staging_roots_inside_repository" time="1.297" /><testcase classname="tests.steward.test_route_control" name="test_local_must_release_before_serverless_route_change" time="0.027" /><testcase classname="tests.steward.test_route_control" name="test_serverless_unknown_blocks_every_route_until_reconciled" time="0.029" /><testcase classname="tests.steward.test_route_control" name="test_openrouter_rejection_releases_to_cpu_without_dual_route" time="0.024" /><testcase classname="tests.steward.test_route_control" name="test_restart_reconstructs_same_claim_without_new_generation" time="0.021" /><testcase classname="tests.steward.test_route_control" name="test_terminal_persistence_blocks_route_until_release_and_afterward" time="0.031" /><testcase classname="tests.steward.test_route_control" name="test_cross_session_identity_reuse_fails_closed" time="0.021" /><testcase classname="tests.steward.test_route_control" name="test_concurrent_session_race_admits_exactly_one_route" time="0.023" /><testcase classname="tests.steward.test_route_control" name="test_reconciled_completed_unknown_never_reopens" time="0.029" /><testcase classname="tests.steward.test_route_control" name="test_parent_allows_one_concurrent_child_per_declared_role" time="0.047" /><testcase classname="tests.steward.test_route_control" name="test_parent_role_rejects_replacement_mission_payload_or_contract" time="0.035" /><testcase classname="tests.steward.test_route_control" name="test_child_mission_cannot_be_reused_for_another_parent_role" time="0.028" /><testcase classname="tests.steward.test_route_control" name="test_existing_unbound_canonical_mission_cannot_be_attached" time="0.029" /><testcase classname="tests.steward.test_route_control" name="test_parent_closes_only_after_all_declared_roles_have_final_results" time="0.042" /><testcase classname="tests.steward.test_route_control" name="test_parent_outcome_unknown_blocks_closure" time="0.038" /><testcase classname="tests.steward.test_route_control" name="test_parent_terminal_reconstruction_is_exact_and_token_independent" time="0.032" /><testcase classname="tests.steward.test_route_control" name="test_parent_role_race_admits_exactly_one_child_identity" time="0.034" /><testcase classname="tests.steward.test_route_fault_drill" name="test_all_route_fault_drill_interrupts_reconstructs_and_releases" time="0.662" /><testcase classname="tests.steward.test_route_fault_drill" name="test_route_fault_drill_never_overwrites_existing_root" time="0.003" /><testcase classname="tests.steward.test_route_fault_drill" name="test_route_fault_receipt_hash_drift_fails_closed" time="0.639" /><testcase classname="tests.steward.test_route_fault_drill" name="test_route_fault_receipt_rejects_missing_route" time="0.651" /><testcase classname="tests.steward.test_route_fault_drill" name="test_rehashed_route_fault_semantic_drift_fails_closed" time="0.619" /><testcase classname="tests.steward.test_runtime" name="test_runtime_contract_is_closed_and_builds_exact_vllm_command" time="0.012" /><testcase classname="tests.steward.test_runtime" name="test_runtime_byte_validation_covers_model_engine_and_successful_v3" time="0.065" /><testcase classname="tests.steward.test_runtime" name="test_submit_persists_two_runs_terminal_and_blocks_reissue" time="0.089" /><testcase classname="tests.steward.test_runtime" name="test_submit_requires_request_bytes_in_mission_binding" time="0.026" /><testcase classname="tests.steward.test_runtime" name="test_submit_refuses_authority_claim_and_leaves_ambiguous_recovery" time="0.034" /><testcase classname="tests.steward.test_runtime" name="test_submit_persists_http_schema_rejection_and_terminalizes_failed" time="0.066" /><testcase classname="tests.steward.test_runtime" name="test_submit_transport_ambiguity_persists_no_resend_receipt" time="0.039" /><testcase classname="tests.steward.test_runtime" name="test_shutdown_records_terminal_release_without_touching_unowned_process" time="0.060" /><testcase classname="tests.steward.test_runtime" name="test_request_contract_fails_closed" time="0.001" /><testcase classname="tests.steward.test_runtime" name="test_comfyui_queue_probe_blocks_live_work_and_records_unavailable" time="0.001" /><testcase classname="tests.steward.test_serverless_broker" name="test_non_windows_defaults_use_committed_manager_and_shared_ledger" time="0.000" /><testcase classname="tests.steward.test_serverless_broker" name="test_broker_paths_allow_explicit_execution_host_mapping" time="0.000" /><testcase classname="tests.steward.test_serverless_broker" name="test_budget_or_concurrency_rejection_never_submits" time="0.032" /><testcase classname="tests.steward.test_serverless_broker" name="test_each_broker_cap_is_terminal_without_submit[daily Serverless admission limit would be exceeded]" time="0.020" /><testcase classname="tests.steward.test_serverless_broker" name="test_each_broker_cap_is_terminal_without_submit[rolling-hour Serverless admission limit would be exceeded]" time="0.020" /><testcase classname="tests.steward.test_serverless_broker" name="test_each_broker_cap_is_terminal_without_submit[Serverless concurrency cap is full]" time="0.019" /><testcase classname="tests.steward.test_serverless_broker" name="test_reservation_timeout_reconciles_by_canonical_payload_without_retry" time="0.022" /><testcase classname="tests.steward.test_serverless_broker" name="test_absent_reservation_is_proven_before_new_reserve_is_allowed" time="0.025" /><testcase classname="tests.steward.test_serverless_broker" name="test_duplicate_canonical_reservations_fail_closed_without_submit" time="0.022" /><testcase classname="tests.steward.test_serverless_broker" name="test_submit_timeout_blocks_duplicate_and_reconciles_terminal" time="0.028" /><testcase classname="tests.steward.test_serverless_broker" name="test_running_then_terminal_reconcile_and_restart_are_idempotent" time="0.040" /><testcase classname="tests.steward.test_serverless_broker" name="test_restart_after_submit_intent_becomes_unknown_and_never_resends" time="0.033" /><testcase classname="tests.steward.test_serverless_broker" name="test_duplicate_payload_collision_and_direct_endpoint_bypass_fail_closed" time="0.032" /><testcase classname="tests.steward.test_serverless_broker" name="test_protected_credential_is_injected_without_persistence" time="0.113" /><testcase classname="tests.steward.test_serverless_broker" name="test_protected_credential_must_exist_before_broker_reservation" time="0.005" /><testcase classname="tests.steward.test_serverless_work_producer" name="test_prepared_workload_materializes_once_and_dispatcher_accepts_it" time="0.029" /><testcase classname="tests.steward.test_serverless_work_producer" name="test_payload_drift_fails_closed_before_inbox_creation" time="0.015" /><testcase classname="tests.steward.test_serverless_work_producer" name="test_manifest_identity_mismatch_fails_closed" time="0.016" /><testcase classname="tests.steward.test_serverless_work_producer" name="test_legacy_unbound_workload_is_preserved_without_inbox_dispatch" time="0.017" /><testcase classname="tests.steward.test_storage_guard" name="test_policy_loads_repository_config" time="0.001" /><testcase classname="tests.steward.test_storage_guard" name="test_allocation_preserves_floor_and_backup_cap" time="0.000" /><testcase classname="tests.steward.test_storage_guard" name="test_full_repository_bundle_is_always_blocked" time="0.000" /><testcase classname="tests.steward.test_storage_guard" name="test_worktree_retirement_refuses_any_unsafe_condition[1-True-0-False-False]" time="0.000" /><testcase classname="tests.steward.test_storage_guard" name="test_worktree_retirement_refuses_any_unsafe_condition[0-False-0-False-False]" time="0.000" /><testcase classname="tests.steward.test_storage_guard" name="test_worktree_retirement_refuses_any_unsafe_condition[0-True-1-False-False]" time="0.000" /><testcase classname="tests.steward.test_storage_guard" name="test_worktree_retirement_refuses_any_unsafe_condition[0-True-0-True-False]" time="0.000" /><testcase classname="tests.steward.test_storage_guard" name="test_worktree_retirement_refuses_any_unsafe_condition[0-True-0-False-True]" time="0.000" /><testcase classname="tests.steward.test_storage_guard" name="test_worktree_retirement_requires_all_positive_evidence" time="0.000" /><testcase classname="tests.steward.test_supervisor" name="test_standalone_launcher_defaults_to_one_bounded_advisory_mode" time="0.001" /><testcase classname="tests.steward.test_supervisor" name="test_supervisor_rejects_fallback_worker_fanout" time="0.001" /><testcase classname="tests.steward.test_supervisor" name="test_supervisor_rejects_openrouter_mode_micro_fanout" time="0.001" /><testcase classname="tests.steward.test_supervisor" name="test_supervisor_rejects_stale_serverless_manager_path" time="0.001" /><testcase classname="tests.steward.test_supervisor" name="test_local_campaign_preparation_arguments_are_explicit" time="0.001" /><testcase classname="tests.steward.test_supervisor" name="test_clean_start_heartbeat_snapshot_and_shutdown" time="0.070" /><testcase classname="tests.steward.test_supervisor" name="test_protected_token_is_mode_0600_and_never_in_safe_state" time="0.032" /><testcase classname="tests.steward.test_supervisor" name="test_matching_live_owner_blocks_duplicate_supervisor" time="0.034" /><testcase classname="tests.steward.test_supervisor" name="test_stale_pid_token_is_recovered_without_process_action" time="0.068" /><testcase classname="tests.steward.test_supervisor" name="test_clean_restart_increments_generation" time="0.069" /><testcase classname="tests.steward.test_supervisor" name="test_queue_campaign_and_hash_chained_exception_contracts" time="0.049" /><testcase classname="tests.steward.test_supervisor" name="test_malformed_queue_and_ownership_drift_fail_closed" time="0.021" /><testcase classname="tests.steward.test_supervisor" name="test_standalone_launcher_resolves_src_outside_repository" time="0.178" /><testcase classname="tests.steward.test_supervisor" name="test_standalone_launcher_once_writes_terminal_state" time="0.270" /><testcase classname="tests.steward.test_supervisor" name="test_inbox_totals_reports_serverless_semantic_false_as_failed" time="0.033" /><testcase classname="tests.steward.test_supervisor" name="test_standalone_launcher_refuses_stale_tracker_path" time="0.164" /><testcase classname="tests.steward.test_sustained_campaign_slo" name="test_three_replayed_mixed_campaigns_pass_sustained_gate" time="0.902" /><testcase classname="tests.steward.test_sustained_campaign_slo" name="test_exactly_three_campaigns_are_required[0]" time="0.000" /><testcase classname="tests.steward.test_sustained_campaign_slo" name="test_exactly_three_campaigns_are_required[1]" time="0.086" /><testcase classname="tests.steward.test_sustained_campaign_slo" name="test_exactly_three_campaigns_are_required[2]" time="0.178" /><testcase classname="tests.steward.test_sustained_campaign_slo" name="test_exactly_three_campaigns_are_required[4]" time="0.324" /><testcase classname="tests.steward.test_sustained_campaign_slo" name="test_noncontiguous_duplicate_nonmixed_and_overlapping_records_fail_closed" time="2.080" /><testcase classname="tests.steward.test_sustained_campaign_slo" name="test_under_target_campaign_keeps_sustained_claim_false" time="0.654" /><testcase classname="tests.steward.test_sustained_campaign_slo" name="test_rehashed_sustained_result_drift_fails_replay" time="0.901" /><testcase classname="tests.steward.test_visual_66_class_gap_matrix" name="test_builds_exact_no_credit_66_class_matrix" time="0.058" /><testcase classname="tests.steward.test_visual_66_class_gap_matrix" name="test_rejects_noncontiguous_part_ids" time="0.061" /><testcase classname="tests.steward.test_visual_66_class_gap_matrix" name="test_validator_rejects_resealed_promotion_claim" time="0.047" /><testcase classname="tests.steward.test_visual_critic_quorum" name="test_positive_calibration_quorum_passes_but_grants_no_authority" time="0.001" /><testcase classname="tests.steward.test_visual_critic_quorum" name="test_negative_calibration_failure_blocks_certificate" time="0.001" /><testcase classname="tests.steward.test_visual_critic_quorum" name="test_correlated_primary_and_juror_cannot_form_quorum" time="0.000" /><testcase classname="tests.steward.test_visual_critic_quorum" name="test_same_model_cannot_spoof_independence_with_a_new_family_label" time="0.001" /><testcase classname="tests.steward.test_visual_critic_quorum" name="test_incomplete_critic_status_fails_closed[UNAVAILABLE]" time="0.001" /><testcase classname="tests.steward.test_visual_critic_quorum" name="test_incomplete_critic_status_fails_closed[MALFORMED]" time="0.001" /><testcase classname="tests.steward.test_visual_critic_quorum" name="test_incomplete_critic_status_fails_closed[TIMEOUT]" time="0.001" /><testcase classname="tests.steward.test_visual_critic_quorum" name="test_critic_disagreement_abstains" time="0.000" /><testcase classname="tests.steward.test_visual_critic_quorum" name="test_negative_visual_verdict_rejects" time="0.001" /><testcase classname="tests.steward.test_visual_critic_quorum" name="test_hard_qa_veto_cannot_be_overridden_by_two_passes" time="0.000" /><testcase classname="tests.steward.test_visual_critic_quorum" name="test_text_only_primary_capability_fails_closed" time="0.001" /><testcase classname="tests.steward.test_visual_critic_quorum" name="test_panel_byte_drift_fails_closed" time="0.000" /><testcase classname="tests.steward.test_visual_critic_quorum" name="test_response_authority_claim_fails_closed" time="0.001" /><testcase classname="tests.steward.test_visual_critic_quorum" name="test_deterministic_replay_rejects_rehashed_semantic_drift" time="0.001" /><testcase classname="tests.steward.test_visual_reference_readiness" name="test_builds_hash_bound_reference_only_readiness" time="0.088" /><testcase classname="tests.steward.test_visual_reference_readiness" name="test_validator_rejects_authority_escalation" time="0.078" /><testcase classname="tests.steward.test_visual_reference_readiness" name="test_validator_rejects_critic_catalog_byte_drift" time="0.093" /><testcase classname="tests.steward.test_visual_reference_readiness" name="test_builder_reports_missing_declared_tag" time="0.111" /><testcase classname="tests.steward.test_visual_reference_readiness" name="test_builder_rejects_annotation_hash_drift" time="0.081" /><testcase classname="tests.steward.test_visual_reference_screening" name="test_validates_confirmed_reference_without_authority" time="0.022" /><testcase classname="tests.steward.test_visual_reference_screening" name="test_validates_rejection_with_required_reason" time="0.007" /><testcase classname="tests.steward.test_visual_reference_screening" name="test_rejects_authority_escalation" time="0.006" /><testcase classname="tests.steward.test_visual_reference_screening" name="test_rejects_image_hash_drift" time="0.007" /><testcase classname="tests.steward.test_worker_authority" name="test_adversarial_task_cannot_change_fixed_authority_or_add_tools" time="0.001" /><testcase classname="tests.steward.test_worker_authority" name="test_resealed_request_cannot_widen_any_authority[credentials]" time="0.001" /><testcase classname="tests.steward.test_worker_authority" name="test_resealed_request_cannot_widen_any_authority[tools]" time="0.001" /><testcase classname="tests.steward.test_worker_authority" name="test_resealed_request_cannot_widen_any_authority[git]" time="0.001" /><testcase classname="tests.steward.test_worker_authority" name="test_resealed_request_cannot_widen_any_authority[github]" time="0.001" /><testcase classname="tests.steward.test_worker_authority" name="test_resealed_request_cannot_widen_any_authority[destructive_actions]" time="0.000" /><testcase classname="tests.steward.test_worker_authority" name="test_resealed_request_cannot_widen_any_authority[infrastructure]" time="0.000" /><testcase classname="tests.steward.test_worker_authority" name="test_resealed_request_cannot_widen_any_authority[runpod_lifecycle]" time="0.000" /><testcase classname="tests.steward.test_worker_authority" name="test_resealed_request_cannot_widen_any_authority[tracker]" time="0.001" /><testcase classname="tests.steward.test_worker_authority" name="test_resealed_request_cannot_widen_any_authority[final_adoption]" time="0.001" /><testcase classname="tests.steward.test_worker_authority" name="test_malformed_or_resealed_tool_contract_is_rejected" time="0.001" /><testcase classname="tests.steward.test_worker_authority" name="test_safe_response_binds_identity_and_keeps_all_authority_false" time="0.001" /><testcase classname="tests.steward.test_worker_authority" name="test_resealed_response_cannot_widen_or_change_identity[&lt;lambda&gt;-authority]" time="0.001" /><testcase classname="tests.steward.test_worker_authority" name="test_resealed_response_cannot_widen_or_change_identity[&lt;lambda&gt;-tool]" time="0.001" /><testcase classname="tests.steward.test_worker_authority" name="test_resealed_response_cannot_widen_or_change_identity[&lt;lambda&gt;-completion]" time="0.001" /><testcase classname="tests.steward.test_worker_authority" name="test_resealed_response_cannot_widen_or_change_identity[&lt;lambda&gt;-identity0]" time="0.001" /><testcase classname="tests.steward.test_worker_authority" name="test_resealed_response_cannot_widen_or_change_identity[&lt;lambda&gt;-identity1]" time="0.001" /><testcase classname="tests.steward.test_worker_authority" name="test_resealed_response_cannot_widen_or_change_identity[&lt;lambda&gt;-identity2]" time="0.001" /><testcase classname="tests.steward.test_worker_authority" name="test_secret_shaped_worker_output_fails_closed[proposal0]" time="0.001" /><testcase classname="tests.steward.test_worker_authority" name="test_secret_shaped_worker_output_fails_closed[proposal1]" time="0.000" /><testcase classname="tests.steward.test_worker_authority" name="test_secret_shaped_worker_output_fails_closed[proposal2]" time="0.001" /><testcase classname="tests.steward.test_worker_authority" name="test_path_escape_duplicate_scope_and_request_tampering_fail_closed" time="0.001" /><testcase classname="tests.test_anatomy_v2_drafting" name="test_inactive_config_is_canonical_visible_only_and_content_neutral" time="0.011" /><testcase classname="tests.test_anatomy_v2_drafting" name="test_review_crops_and_prompts_assert_no_positive_or_hidden_anatomy" time="0.021" /><testcase classname="tests.test_anatomy_v2_drafting" name="test_same_side_priors_clip_clothing_hair_ambiguity_and_profile_hidden_side" time="0.001" /><testcase classname="tests.test_anatomy_v2_drafting" name="test_detector_box_must_route_through_sam2_and_low_confidence_never_uses_prior" time="0.002" /><testcase classname="tests.test_anatomy_v2_drafting" name="test_fusion_carves_breast_pelvic_parents_and_routes_conflicts_to_ignore" time="0.083" /><testcase classname="tests.test_anatomy_v2_drafting" name="test_review_bundle_contains_strict_masks_panel_confidence_provenance_and_instructions" time="0.112" /><testcase classname="tests.test_anatomy_v2_drafting" name="test_required_drafting_fixture_conditions[nude-front-visible-none-True-True]" time="0.024" /><testcase classname="tests.test_anatomy_v2_drafting" name="test_required_drafting_fixture_conditions[clothed-front-occluded_by_clothing-clothing-False-False]" time="0.021" /><testcase classname="tests.test_anatomy_v2_drafting" name="test_required_drafting_fixture_conditions[partial-front-partially_visible-partial-True-True]" time="0.029" /><testcase classname="tests.test_anatomy_v2_drafting" name="test_required_drafting_fixture_conditions[distant-front-unreviewed_for_v2-none-True-True]" time="0.023" /><testcase classname="tests.test_anatomy_v2_drafting" name="test_required_drafting_fixture_conditions[hair_occluded-front-partially_visible-hair-True-True]" time="0.022" /><testcase classname="tests.test_anatomy_v2_drafting" name="test_required_drafting_fixture_conditions[side_view-left_profile-partially_visible-none-True-False]" time="0.023" /><testcase classname="tests.test_anatomy_v2_drafting" name="test_required_drafting_fixture_conditions[cropped-front-cropped_out-none-True-True]" time="0.022" /><testcase classname="tests.test_anatomy_v2_qa" name="test_config_has_exact_checks_and_qa_only_canonical_vlm_vocabulary" time="0.018" /><testcase classname="tests.test_anatomy_v2_qa" name="test_good_seed_passes_all_active_checks_and_report_remains_non_authoritative" time="0.197" /><testcase classname="tests.test_anatomy_v2_qa" name="test_each_seeded_defect_trips_exactly_its_named_v2_check[QC-V2-001]" time="0.387" /><testcase classname="tests.test_anatomy_v2_qa" name="test_each_seeded_defect_trips_exactly_its_named_v2_check[QC-V2-002]" time="0.194" /><testcase classname="tests.test_anatomy_v2_qa" name="test_each_seeded_defect_trips_exactly_its_named_v2_check[QC-V2-003]" time="0.183" /><testcase classname="tests.test_anatomy_v2_qa" name="test_each_seeded_defect_trips_exactly_its_named_v2_check[QC-V2-004]" time="0.188" /><testcase classname="tests.test_anatomy_v2_qa" name="test_each_seeded_defect_trips_exactly_its_named_v2_check[QC-V2-005]" time="0.187" /><testcase classname="tests.test_anatomy_v2_qa" name="test_each_seeded_defect_trips_exactly_its_named_v2_check[QC-V2-006]" time="0.375" /><testcase classname="tests.test_anatomy_v2_qa" name="test_each_seeded_defect_trips_exactly_its_named_v2_check[QC-V2-007]" time="0.199" /><testcase classname="tests.test_anatomy_v2_qa" name="test_each_seeded_defect_trips_exactly_its_named_v2_check[QC-V2-008]" time="0.183" /><testcase classname="tests.test_anatomy_v2_qa" name="test_each_seeded_defect_trips_exactly_its_named_v2_check[QC-V2-009]" time="0.174" /><testcase classname="tests.test_anatomy_v2_qa" name="test_each_seeded_defect_trips_exactly_its_named_v2_check[QC-V2-010]" time="0.171" /><testcase classname="tests.test_anatomy_v2_qa" name="test_each_seeded_defect_trips_exactly_its_named_v2_check[QC-V2-011]" time="0.362" /><testcase classname="tests.test_anatomy_v2_qa" name="test_each_seeded_defect_trips_exactly_its_named_v2_check[QC-V2-012]" time="0.192" /><testcase classname="tests.test_anatomy_v2_qa" name="test_clothed_false_positive_sweep_requires_zero_anatomy_in_reviewed_garments" time="0.030" /><testcase classname="tests.test_architecture_boundaries" name="test_stage_boundary_entries_delegate_to_production_implementations" time="0.000" /><testcase classname="tests.test_architecture_boundaries" name="test_vlmqa_group_exposes_production_commands_without_scaffold_output" time="0.003" /><testcase classname="tests.test_architecture_boundaries" name="test_public_zorder_boundary_arbitrates_and_records_contested_pixels" time="0.000" /><testcase classname="tests.test_architecture_boundaries" name="test_public_zorder_boundary_rejects_geometry_and_missing_labels" time="0.001" /><testcase classname="tests.test_architecture_boundaries" name="test_io_boundaries_hash_explicit_package_files_and_detect_drift" time="0.022" /><testcase classname="tests.test_architecture_boundaries" name="test_io_boundaries_roundtrip_atomic_json_maps_and_rgb" time="0.036" /><testcase classname="tests.test_autofix" name="test_autofix_attempts_only_allowlist_once_and_logs_recheck" time="0.342" /><testcase classname="tests.test_autonomous_gold_admission" name="test_profile_loads_and_is_sealed" time="0.002" /><testcase classname="tests.test_autonomous_gold_admission" name="test_profile_cannot_restore_population_admission_authority" time="0.002" /><testcase classname="tests.test_autonomous_gold_admission" name="test_large_zero_defect_corpus_passes_statistics_but_not_record_authority" time="0.022" /><testcase classname="tests.test_autonomous_gold_admission" name="test_default_off_rejects_autonomous_certificate" time="0.024" /><testcase classname="tests.test_autonomous_gold_admission" name="test_thin_corpus_fails_wilson_floor" time="0.014" /><testcase classname="tests.test_autonomous_gold_admission" name="test_defect_heavy_corpus_fails_closed" time="0.023" /><testcase classname="tests.test_autonomous_gold_admission" name="test_low_independence_samples_are_not_admitted" time="0.021" /><testcase classname="tests.test_autonomous_gold_admission" name="test_serious_defect_requires_disagreement" time="0.012" /><testcase classname="tests.test_autonomous_gold_audit_queue_wiring" name="test_autonomous_profile_off_stays_machine_verified" time="0.043" /><testcase classname="tests.test_autonomous_gold_audit_queue_wiring" name="test_population_profile_on_still_cannot_reach_gold_audit_queue" time="0.348" /><testcase classname="tests.test_autonomous_gold_demonstration" name="test_governed_single_and_multi_person_demonstration_is_deterministic" time="1.273" /><testcase classname="tests.test_autonomous_gold_demonstration" name="test_report_hash_and_authority_boundary_are_fail_closed" time="0.624" /><testcase classname="tests.test_autonomous_gold_lifecycle_slice" name="test_slice_fails_closed_below_sample_floor" time="0.381" /><testcase classname="tests.test_autonomous_gold_lifecycle_slice" name="test_passing_population_statistics_still_cannot_reach_gold_queue" time="6.703" /><testcase classname="tests.test_autonomous_gold_per_record_qa" name="test_exact_per_record_qa_vector_passes_and_binds_all_metrics" time="0.021" /><testcase classname="tests.test_autonomous_gold_per_record_qa" name="test_unqualified_registry_cannot_authorize_vector" time="0.011" /><testcase classname="tests.test_autonomous_gold_per_record_qa" name="test_missing_or_not_applicable_mandatory_metric_fails" time="0.024" /><testcase classname="tests.test_autonomous_gold_per_record_qa" name="test_exact_binding_drift_fails_closed[mask]" time="0.014" /><testcase classname="tests.test_autonomous_gold_per_record_qa" name="test_exact_binding_drift_fails_closed[target]" time="0.013" /><testcase classname="tests.test_autonomous_gold_per_record_qa" name="test_exact_binding_drift_fails_closed[threshold]" time="0.014" /><testcase classname="tests.test_autonomous_gold_per_record_qa" name="test_exact_binding_drift_fails_closed[mask_set]" time="0.013" /><testcase classname="tests.test_autonomous_gold_per_record_qa" name="test_exact_binding_drift_fails_closed[identity]" time="0.015" /><testcase classname="tests.test_autonomous_gold_per_record_qa" name="test_vector_content_tamper_without_reseal_fails" time="0.011" /><testcase classname="tests.test_autonomous_gold_qa_threshold_calibration" name="test_sparse_evidence_is_valid_but_non_authorizing_and_reports_all_gaps" time="0.489" /><testcase classname="tests.test_autonomous_gold_qa_threshold_calibration" name="test_complete_fixture_can_only_be_ready_for_holdout_not_gold_authority" time="1.319" /><testcase classname="tests.test_autonomous_gold_qa_threshold_calibration" name="test_cross_partition_source_or_package_leakage_fails_closed" time="0.925" /><testcase classname="tests.test_autonomous_gold_qa_threshold_calibration" name="test_holdout_measured_before_frozen_policy_fails_closed" time="0.630" /><testcase classname="tests.test_autonomous_gold_qa_threshold_calibration" name="test_unknown_context_label_and_forged_policy_fail_closed" time="0.867" /><testcase classname="tests.test_autonomous_gold_qa_threshold_calibration" name="test_record_contract_rejects_unqualified_reference_or_extra_fields" time="1.113" /><testcase classname="tests.test_autonomous_gold_qa_threshold_calibration" name="test_frozen_project_policy_is_hash_bound_and_remains_non_authorizing" time="0.473" /><testcase classname="tests.test_autonomous_gold_qa_thresholds" name="test_registry_expands_every_enabled_ontology_label_and_is_hash_bound" time="0.549" /><testcase classname="tests.test_autonomous_gold_qa_thresholds" name="test_thin_structure_labels_resolve_to_distinct_preservation_contract[hair]" time="0.547" /><testcase classname="tests.test_autonomous_gold_qa_thresholds" name="test_thin_structure_labels_resolve_to_distinct_preservation_contract[left_index_finger]" time="0.371" /><testcase classname="tests.test_autonomous_gold_qa_thresholds" name="test_thin_structure_labels_resolve_to_distinct_preservation_contract[right_toes]" time="0.573" /><testcase classname="tests.test_autonomous_gold_qa_thresholds" name="test_profiles_and_contexts_are_not_collapsed_to_one_global_rule" time="0.713" /><testcase classname="tests.test_autonomous_gold_qa_thresholds" name="test_unknown_missing_or_duplicate_context_fails_closed" time="0.713" /><testcase classname="tests.test_autonomous_gold_qa_thresholds" name="test_incomplete_metric_or_mask_type_coverage_fails" time="0.220" /><testcase classname="tests.test_autonomous_gold_qa_thresholds" name="test_cross_person_bleed_cannot_be_relaxed" time="0.126" /><testcase classname="tests.test_autonomous_gold_qa_thresholds" name="test_unknown_thin_structure_label_fails_closed" time="0.209" /><testcase classname="tests.test_autonomous_gold_qa_thresholds" name="test_uncalibrated_registry_cannot_authorize_gold" time="0.091" /><testcase classname="tests.test_autonomous_package_semantic_alignment" name="test_exact_package_and_current_independent_quorum_pass" time="0.079" /><testcase classname="tests.test_autonomous_package_semantic_alignment" name="test_bulk_plan_batches_all_valid_cases_and_reports_only_exceptions" time="0.151" /><testcase classname="tests.test_autonomous_package_semantic_alignment" name="test_bulk_plan_canonicalizes_equivalent_root_paths" time="0.036" /><testcase classname="tests.test_autonomous_package_semantic_alignment" name="test_bulk_executor_accepts_exact_quorum_without_mutating_packages" time="0.128" /><testcase classname="tests.test_autonomous_package_semantic_alignment" name="test_bulk_executor_emits_consensus_relabel_proposal_without_rewriting" time="0.248" /><testcase classname="tests.test_autonomous_package_semantic_alignment" name="test_bulk_relabel_publisher_creates_immutable_candidate_and_preserves_parent" time="0.698" /><testcase classname="tests.test_autonomous_package_semantic_alignment" name="test_bulk_relabel_publisher_rejects_unknown_label_and_parent_drift" time="0.269" /><testcase classname="tests.test_autonomous_package_semantic_alignment" name="test_bulk_executor_abstains_one_drifted_case_and_continues" time="0.109" /><testcase classname="tests.test_autonomous_package_semantic_alignment" name="test_bulk_executor_resolves_disagreement_fail_closed[pass-relabel-abstain]" time="0.066" /><testcase classname="tests.test_autonomous_package_semantic_alignment" name="test_bulk_executor_resolves_disagreement_fail_closed[pass-reject-reject]" time="0.061" /><testcase classname="tests.test_autonomous_package_semantic_alignment" name="test_bulk_executor_resolves_disagreement_fail_closed[pass-abstain-abstain]" time="0.061" /><testcase classname="tests.test_autonomous_package_semantic_alignment" name="test_bulk_executor_rejects_review_hash_drift_before_case_resolution" time="0.053" /><testcase classname="tests.test_autonomous_package_semantic_alignment" name="test_semantic_alignment_fails_closed_on_authority_or_pixel_drift[mask_hash-mask hash drifted]" time="0.045" /><testcase classname="tests.test_autonomous_package_semantic_alignment" name="test_semantic_alignment_fails_closed_on_authority_or_pixel_drift[target_defect-target did not pass]" time="0.053" /><testcase classname="tests.test_autonomous_package_semantic_alignment" name="test_semantic_alignment_fails_closed_on_authority_or_pixel_drift[missing_critic-independent critic quorum]" time="0.054" /><testcase classname="tests.test_autonomous_package_semantic_alignment" name="test_semantic_alignment_fails_closed_on_authority_or_pixel_drift[hard_veto-cannot clear a hard veto]" time="0.040" /><testcase classname="tests.test_autonomous_repair" name="test_bounded_repair_requires_distinct_hypotheses_and_immutable_parent" time="0.001" /><testcase classname="tests.test_autonomous_repair" name="test_bounded_repair_caps_resources_and_no_progress_without_human_queue" time="0.001" /><testcase classname="tests.test_autonomous_repair" name="test_bounded_repair_rolls_back_unsafe_candidate_then_accepts_progress" time="0.001" /><testcase classname="tests.test_autonomous_repair" name="test_atomic_foot_boundary_rejects_whole_foot_when_toes_are_visible" time="0.001" /><testcase classname="tests.test_autonomous_repair" name="test_atomic_foot_boundary_allows_mtp_split_and_closed_shoe_exception" time="0.000" /><testcase classname="tests.test_autonomous_repair" name="test_atomic_hand_boundary_rejects_whole_hand_as_hand_base" time="0.000" /><testcase classname="tests.test_autonomous_repair" name="test_pose_side_evidence_resolves_crossed_legs_by_semantic_chain" time="0.001" /><testcase classname="tests.test_autonomous_repair" name="test_s05_geometry_becomes_padded_repair_roi" time="0.004" /><testcase classname="tests.test_autonomous_repair" name="test_specialist_replaces_only_a_containing_pathologically_large_s05_roi" time="0.000" /><testcase classname="tests.test_autonomous_repair" name="test_provider_coordinates_are_relative_to_roi" time="0.000" /><testcase classname="tests.test_autonomous_repair" name="test_catastrophic_mask_uses_reconstruction_guard" time="0.001" /><testcase classname="tests.test_autonomous_repair" name="test_reconstruction_still_rejects_whole_image_sam_failure" time="0.001" /><testcase classname="tests.test_autonomous_repair" name="test_transaction_reassigns_only_inside_roi_and_refuses_immutable" time="0.011" /><testcase classname="tests.test_autonomous_repair" name="test_immutable_union_excludes_ordinary_draft_labels" time="0.000" /><testcase classname="tests.test_autonomous_repair" name="test_sam2_refiner_passes_explicit_roi_box" time="0.001" /><testcase classname="tests.test_autonomous_repair" name="test_sam2_refiner_clips_roi_and_keeps_only_positive_anchored_components" time="0.001" /><testcase classname="tests.test_autonomy" name="test_pipeline_fingerprint_binds_gate_and_every_component" time="0.024" /><testcase classname="tests.test_autonomy" name="test_95_percent_certificate_requires_enough_zero_failure_human_audits" time="0.053" /><testcase classname="tests.test_autonomy" name="test_certificate_is_hash_scope_fingerprint_and_expiry_bound" time="0.034" /><testcase classname="tests.test_autonomy" name="test_certificate_pools_multiple_labels_and_contexts_by_explicit_risk_bucket" time="0.127" /><testcase classname="tests.test_autonomy" name="test_certificate_refuses_unproven_cross_stratum_pooling" time="0.033" /><testcase classname="tests.test_autonomy" name="test_certificate_rejects_audit_rows_without_real_gold_packages" time="0.021" /><testcase classname="tests.test_autonomy" name="test_machine_audit_row_is_bound_to_real_lifecycle_winner_and_mask" time="0.025" /><testcase classname="tests.test_autonomy" name="test_legacy_certificate_cannot_authorize_autonomy" time="0.038" /><testcase classname="tests.test_autonomy" name="test_tournament_progresses_from_machine_verified_to_calibrated_autoaccept" time="0.043" /><testcase classname="tests.test_autonomy" name="test_hard_veto_disagreement_and_small_margin_prevent_autonomous_acceptance" time="0.009" /><testcase classname="tests.test_autonomy" name="test_residual_candidate_that_clears_baseline_hard_veto_improves_review_draft" time="0.011" /><testcase classname="tests.test_autonomy" name="test_uncertain_residual_candidate_does_not_replace_safe_baseline" time="0.009" /><testcase classname="tests.test_autonomy" name="test_autonomy_cli_builds_certificate_and_runs_tournament" time="0.074" /><testcase classname="tests.test_autonomy" name="test_bounded_correction_loop_adds_novel_candidate_and_stops_on_selection" time="0.008" /><testcase classname="tests.test_autonomy" name="test_bounded_correction_loop_stops_when_generator_repeats_mask" time="0.008" /><testcase classname="tests.test_autonomy" name="test_sparse_audit_selection_is_deterministic_non_confidence_based_and_minimum_bounded" time="0.003" /><testcase classname="tests.test_autonomy" name="test_mixed_audit_preserves_random_sample_and_covers_risk_buckets" time="0.001" /><testcase classname="tests.test_autonomy" name="test_serious_failure_or_drift_immediately_revokes_autonomy" time="0.000" /><testcase classname="tests.test_autonomy" name="test_real_mask_adapter_and_lifecycle_sidecar_connect_tournament_artifacts" time="0.044" /><testcase classname="tests.test_autonomy" name="test_autonomous_review_draft_promotes_only_after_full_map_qa_and_rolls_back" time="0.055" /><testcase classname="tests.test_autonomy" name="test_autonomous_review_draft_rolls_back_only_the_failing_label" time="0.048" /><testcase classname="tests.test_autonomy" name="test_weekly_audit_queue_revokes_and_writes_retraining_plan" time="0.466" /><testcase classname="tests.test_autonomy" name="test_revocations_preserve_multiple_pipeline_fingerprints_for_one_scope" time="0.045" /><testcase classname="tests.test_autonomy" name="test_audit_processing_rejects_nonboolean_outcomes_and_fake_gold_hash" time="0.031" /><testcase classname="tests.test_autonomy" name="test_calibrated_pseudo_manifest_is_hash_verified_train_only_and_holdout_safe" time="0.090" /><testcase classname="tests.test_autonomy_emit_path" name="test_emit_writes_sidecar_and_envelope_resolvable_under_runs" time="0.046" /><testcase classname="tests.test_autonomy_emit_path" name="test_emit_rejects_lifecycle_outside_production_machine_root" time="0.015" /><testcase classname="tests.test_autonomy_emit_path" name="test_repair_rewrites_tournament_subdir_envelope_paths" time="0.057" /><testcase classname="tests.test_autonomy_emit_path" name="test_resolve_production_machine_root_prefers_env" time="0.003" /><testcase classname="tests.test_autonomy_emit_path" name="test_prove_emit_writes_mvc_under_machine_root" time="0.026" /><testcase classname="tests.test_autonomy_import_isolation" name="test_work_cell_import_does_not_eagerly_import_scipy_adapter" time="1.025" /><testcase classname="tests.test_autonomy_import_isolation" name="test_mission_preparation_help_is_import_isolated" time="1.029" /><testcase classname="tests.test_autonomy_metrics" name="test_autonomy_metrics_schemas_and_dashboard_keep_all_domains_separate" time="0.030" /><testcase classname="tests.test_autonomy_metrics" name="test_direct_builder_requires_hash_bound_cohort_and_quality_sums" time="0.001" /><testcase classname="tests.test_autonomy_metrics" name="test_schema_rejects_zero_touch_conflation[accuracy]" time="0.001" /><testcase classname="tests.test_autonomy_metrics" name="test_schema_rejects_zero_touch_conflation[confidence]" time="0.001" /><testcase classname="tests.test_autonomy_metrics" name="test_schema_rejects_zero_touch_conflation[quality]" time="0.001" /><testcase classname="tests.test_autonomy_metrics" name="test_schema_rejects_conflated_zero_touch_label" time="0.001" /><testcase classname="tests.test_autonomy_metrics" name="test_autonomy_config_rejects_reporting_contract_drift" time="0.041" /><testcase classname="tests.test_autonomy_metrics" name="test_autonomy_config_requires_closed_bulk_semantic_alignment_contract" time="0.048" /><testcase classname="tests.test_autonomy_metrics" name="test_report_rejects_missing_denominators_and_numerators[cohort-eligible_packages]" time="0.002" /><testcase classname="tests.test_autonomy_metrics" name="test_report_rejects_missing_denominators_and_numerators[throughput-eligible_packages]" time="0.002" /><testcase classname="tests.test_autonomy_metrics" name="test_report_rejects_missing_denominators_and_numerators[truth_tier_breakdown-eligible_packages]" time="0.001" /><testcase classname="tests.test_autonomy_metrics" name="test_report_rejects_missing_denominators_and_numerators[human_workload-eligible_packages]" time="0.001" /><testcase classname="tests.test_autonomy_metrics" name="test_report_rejects_missing_denominators_and_numerators[human_workload-predicted_pixels]" time="0.001" /><testca
[...]
e="0.286" /><testcase classname="tests.test_visual_critic_real_corpus_policy" name="test_semantic_source_binding_rejects_source_or_reference_hash_drift" time="0.305" /><testcase classname="tests.test_visual_critic_real_corpus_policy" name="test_calibration_cli_requires_real_source_bindings_before_provider_invocation" time="1.624" /><testcase classname="tests.test_visual_critic_real_corpus_policy" name="test_focus_crop_is_padded_bounded_and_includes_target_plus_candidate" time="0.001" /><testcase classname="tests.test_visual_critic_repair_intent" name="test_bounded_localization_and_repair_intent_pass_without_pixel_authority" time="0.001" /><testcase classname="tests.test_visual_critic_repair_intent" name="test_raw_pixels_masks_or_tools_are_rejected[mask]" time="0.001" /><testcase classname="tests.test_visual_critic_repair_intent" name="test_raw_pixels_masks_or_tools_are_rejected[pixels]" time="0.000" /><testcase classname="tests.test_visual_critic_repair_intent" name="test_raw_pixels_masks_or_tools_are_rejected[raw_mask]" time="0.001" /><testcase classname="tests.test_visual_critic_repair_intent" name="test_raw_pixels_masks_or_tools_are_rejected[tool_call]" time="0.001" /><testcase classname="tests.test_visual_critic_repair_intent" name="test_out_of_scope_label_or_roi_is_rejected" time="0.001" /><testcase classname="tests.test_visual_critic_repair_intent" name="test_unknown_panel_citation_is_rejected" time="0.001" /><testcase classname="tests.test_visual_critic_repair_intent" name="test_unbounded_round_time_operation_or_threshold_is_rejected" time="0.001" /><testcase classname="tests.test_visual_critic_repair_intent" name="test_pass_or_abstain_cannot_smuggle_repairs" time="0.001" /><testcase classname="tests.test_visual_critic_repair_intent" name="test_clean_pass_is_closed_and_empty" time="0.000" /><testcase classname="tests.test_visual_critic_repair_intent" name="test_hash_drift_fails_closed" time="0.001" /><testcase classname="tests.test_visual_critic_routing" name="test_current_multi_gpu_arbiter_route_abstains" time="0.016" /><testcase classname="tests.test_visual_critic_routing" name="test_catalog_or_single_gpu_smoke_never_activates_multi_gpu_arbiter[downloaded]" time="0.020" /><testcase classname="tests.test_visual_critic_routing" name="test_catalog_or_single_gpu_smoke_never_activates_multi_gpu_arbiter[smoked]" time="0.020" /><testcase classname="tests.test_visual_critic_routing" name="test_hardware_telemetry_cannot_block_promoted_model" time="0.018" /><testcase classname="tests.test_visual_critic_routing" name="test_exact_promoted_calibrated_single_gpu_model_is_hash_bound" time="0.018" /><testcase classname="tests.test_visual_critic_routing" name="test_unknown_role_fails_instead_of_silently_abstaining" time="0.020" /><testcase classname="tests.test_visual_critic_runner_resolution" name="test_internvl_dynamic_preprocess_retains_high_resolution_mask_evidence" time="0.030" /><testcase classname="tests.test_visual_critic_runner_resolution" name="test_internvl_dynamic_preprocess_is_deterministic_and_bounded" time="0.026" /><testcase classname="tests.test_visual_critic_runtime_qualification" name="test_exact_two_family_restart_evidence_passes" time="0.034" /><testcase classname="tests.test_visual_critic_runtime_qualification" name="test_runtime_evidence_rejects_resource_or_restart_drift[path0-2-image budget]" time="0.035" /><testcase classname="tests.test_visual_critic_runtime_qualification" name="test_runtime_evidence_rejects_resource_or_restart_drift[path1-http://0.0.0.0:18001-not private]" time="0.037" /><testcase classname="tests.test_visual_critic_runtime_qualification" name="test_runtime_evidence_rejects_resource_or_restart_drift[path2-101-distinct live PIDs]" time="0.032" /><testcase classname="tests.test_visual_critic_runtime_qualification" name="test_runtime_evidence_rejects_resource_or_restart_drift[path3-dddddddddddddddddddddddddddddddddddddddddddddddddddddddddddddddd-response changed]" time="0.036" /><testcase classname="tests.test_visual_critic_runtime_qualification" name="test_runtime_peak_vram_is_telemetry_only" time="0.036" /><testcase classname="tests.test_visual_critic_runtime_qualification" name="test_runtime_evidence_rejects_multi_gpu_or_missing_family_substitution" time="0.034" /><testcase classname="tests.test_visual_critic_runtime_qualification" name="test_runtime_evidence_cannot_claim_authority" time="0.032" /><testcase classname="tests.test_visual_critic_target_contract" name="test_exact_target_contract_authorizes_hash_bound_invocation" time="0.001" /><testcase classname="tests.test_visual_critic_target_contract" name="test_v2_target_contract_binds_complete_semantics_and_decoded_pixels" time="0.001" /><testcase classname="tests.test_visual_critic_target_contract" name="test_v2_target_contract_missing_semantics_fail_before_review[&lt;lambda&gt;-incomplete0]" time="0.001" /><testcase classname="tests.test_visual_critic_target_contract" name="test_v2_target_contract_missing_semantics_fail_before_review[&lt;lambda&gt;-incomplete1]" time="0.001" /><testcase classname="tests.test_visual_critic_target_contract" name="test_v2_target_contract_missing_semantics_fail_before_review[&lt;lambda&gt;-perspective]" time="0.001" /><testcase classname="tests.test_visual_critic_target_contract" name="test_v2_target_contract_missing_semantics_fail_before_review[&lt;lambda&gt;-incomplete2]" time="0.001" /><testcase classname="tests.test_visual_critic_target_contract" name="test_v2_target_contract_missing_semantics_fail_before_review[&lt;lambda&gt;-parent revision]" time="0.001" /><testcase classname="tests.test_visual_critic_target_contract" name="test_missing_or_ambiguous_target_fields_fail_before_call[&lt;lambda&gt;-fields are incomplete]" time="0.001" /><testcase classname="tests.test_visual_critic_target_contract" name="test_missing_or_ambiguous_target_fields_fail_before_call[&lt;lambda&gt;-ambiguous]" time="0.001" /><testcase classname="tests.test_visual_critic_target_contract" name="test_missing_or_ambiguous_target_fields_fail_before_call[&lt;lambda&gt;-nonnegative]" time="0.001" /><testcase classname="tests.test_visual_critic_target_contract" name="test_missing_or_ambiguous_target_fields_fail_before_call[&lt;lambda&gt;-expected_presence]" time="0.001" /><testcase classname="tests.test_visual_critic_target_contract" name="test_missing_or_ambiguous_target_fields_fail_before_call[&lt;lambda&gt;-escapes]" time="0.001" /><testcase classname="tests.test_visual_critic_target_contract" name="test_missing_or_ambiguous_target_fields_fail_before_call[&lt;lambda&gt;-strict binary]" time="0.001" /><testcase classname="tests.test_visual_critic_target_contract" name="test_missing_or_ambiguous_target_fields_fail_before_call[&lt;lambda&gt;-geometry differs]" time="0.001" /><testcase classname="tests.test_visual_critic_target_contract" name="test_missing_or_ambiguous_target_fields_fail_before_call[&lt;lambda&gt;-excluded label]" time="0.001" /><testcase classname="tests.test_visual_critic_target_contract" name="test_missing_or_ambiguous_target_fields_fail_before_call[&lt;lambda&gt;-owner differs]" time="0.001" /><testcase classname="tests.test_visual_critic_target_contract" name="test_missing_or_ambiguous_target_fields_fail_before_call[&lt;lambda&gt;-round-trip]" time="0.001" /><testcase classname="tests.test_visual_critic_target_contract" name="test_live_input_drift_fails_before_critic_call[eeeeeeeeeeeeeeeeeeeeeeeeeeeeeeeeeeeeeeeeeeeeeeeeeeeeeeeeeeeeeeee-cccccccccccccccccccccccccccccccccccccccccccccccccccccccccccccccc-size0-source hash]" time="0.001" /><testcase classname="tests.test_visual_critic_target_contract" name="test_live_input_drift_fails_before_critic_call[aaaaaaaaaaaaaaaaaaaaaaaaaaaaaaaaaaaaaaaaaaaaaaaaaaaaaaaaaaaaaaaa-eeeeeeeeeeeeeeeeeeeeeeeeeeeeeeeeeeeeeeeeeeeeeeeeeeeeeeeeeeeeeeee-size1-candidate hash]" time="0.001" /><testcase classname="tests.test_visual_critic_target_contract" name="test_live_input_drift_fails_before_critic_call[aaaaaaaaaaaaaaaaaaaaaaaaaaaaaaaaaaaaaaaaaaaaaaaaaaaaaaaaaaaaaaaa-cccccccccccccccccccccccccccccccccccccccccccccccccccccccccccccccc-size2-source geometry]" time="0.001" /><testcase classname="tests.test_visual_critic_target_contract" name="test_empty_target_requires_exact_zero_area_bounds" time="0.001" /><testcase classname="tests.test_visual_defect_abstention" name="test_seeded_structural_defect_abstains_even_if_executor_accepts[exclusivity_bleed]" time="0.000" /><testcase classname="tests.test_visual_defect_abstention" name="test_seeded_structural_defect_abstains_even_if_executor_accepts[garment_bias]" time="0.000" /><testcase classname="tests.test_visual_defect_abstention" name="test_seeded_structural_defect_abstains_even_if_executor_accepts[multi_person_half_fill]" time="0.000" /><testcase classname="tests.test_visual_defect_abstention" name="test_seeded_structural_defect_abstains_even_if_executor_accepts[underfill]" time="0.000" /><testcase classname="tests.test_visual_defect_abstention" name="test_noise_class_may_promote_when_drop_and_excess_qualify[noise_artifacts]" time="0.000" /><testcase classname="tests.test_visual_defect_abstention" name="test_noise_class_may_promote_when_drop_and_excess_qualify[noise_leak]" time="0.000" /><testcase classname="tests.test_visual_defect_abstention" name="test_noise_class_may_promote_when_drop_and_excess_qualify[noise_spray]" time="0.000" /><testcase classname="tests.test_visual_defect_abstention" name="test_noise_class_abstains_when_hard_qc_fails" time="0.000" /><testcase classname="tests.test_visual_defect_abstention" name="test_material_exclusivity_clear_promotes_only_with_sufficient_drop" time="0.000" /><testcase classname="tests.test_visual_defect_abstention" name="test_material_clear_never_promotes_multi_person_or_non_chest_parts" time="0.000" /><testcase classname="tests.test_visual_defect_abstention" name="test_seeded_kinds_cover_all_structural_classes" time="0.000" /><testcase classname="tests.test_visual_defect_abstention" name="test_chest_forbidden_materials_include_footwear_not_bra" time="0.000" /><testcase classname="tests.test_visual_defect_abstention" name="test_seeded_connected_exclusivity_bleed_cannot_be_split_by_cc_cleanup" time="0.001" /><testcase classname="tests.test_visual_defect_abstention" name="test_seeded_underfill_fill_would_invent_mass_so_policy_abstains" time="0.000" /><testcase classname="tests.test_visual_defect_abstention" name="test_seeded_multi_person_half_fill_abstains" time="0.000" /><testcase classname="tests.test_visual_defect_abstention" name="test_seeded_garment_bias_morphology_abstains_without_material_clear" time="0.000" /><testcase classname="tests.test_visual_defect_abstention" name="test_morphology_still_abstains_on_fragmentation" time="0.000" /><testcase classname="tests.test_visual_regression_suite" name="test_repository_frozen_suite_is_complete_and_exact" time="0.046" /><testcase classname="tests.test_visual_regression_suite" name="test_repository_real_frozen_suite_is_complete_and_exact" time="0.288" /><testcase classname="tests.test_visual_regression_suite" name="test_builder_materializes_image_disjoint_valid_and_serious_cases_per_domain" time="0.693" /><testcase classname="tests.test_visual_regression_suite" name="test_synthetic_suite_cannot_authorize_promotion" time="0.254" /><testcase classname="tests.test_visual_regression_suite" name="test_exact_current_change_cannot_promote_without_66_class_coverage[model_artifact_sha256]" time="0.338" /><testcase classname="tests.test_visual_regression_suite" name="test_exact_current_change_cannot_promote_without_66_class_coverage[provider_set_sha256]" time="0.350" /><testcase classname="tests.test_visual_regression_suite" name="test_exact_current_change_cannot_promote_without_66_class_coverage[prompt_sha256]" time="0.357" /><testcase classname="tests.test_visual_regression_suite" name="test_exact_current_change_cannot_promote_without_66_class_coverage[runtime_sha256]" time="0.356" /><testcase classname="tests.test_visual_regression_suite" name="test_exact_current_change_cannot_promote_without_66_class_coverage[renderer_sha256]" time="0.342" /><testcase classname="tests.test_visual_regression_suite" name="test_exact_current_change_cannot_promote_without_66_class_coverage[target_contract_schema_sha256]" time="0.347" /><testcase classname="tests.test_visual_regression_suite" name="test_any_serious_regression_or_replay_drift_blocks_promotion" time="0.364" /><testcase classname="tests.test_visual_regression_suite" name="test_missing_domain_or_panel_hash_drift_fails_closed" time="0.267" /><testcase classname="tests.test_visual_regression_suite" name="test_real_source_authority_or_binding_drift_fails_closed" time="0.290" /><testcase classname="tests.test_viz_config" name="test_viz_config_covers_every_label_and_exact_evidence_style" time="0.006" /><testcase classname="tests.test_vlm_client_router" name="test_versioned_prompts_and_config_cover_all_three_contracts" time="0.010" /><testcase classname="tests.test_vlm_client_router" name="test_panel_prep_manifest_digest_and_strict_retry" time="0.075" /><testcase classname="tests.test_vlm_client_router" name="test_verdict_appends_atomically_and_preserves_qa_schema" time="0.027" /><testcase classname="tests.test_vlm_client_router" name="test_router_covers_five_rows_blocks_and_authority_invariants" time="0.000" /><testcase classname="tests.test_vlm_client_router" name="test_cvat_task_description_attaches_only_machine_marked_fail_suggestions" time="0.017" /><testcase classname="tests.test_vlm_config" name="test_vlm_config_is_local_private_and_non_authoritative" time="0.009" /><testcase classname="tests.test_vlm_config" name="test_p_part_contract_matches_doc10_shape" time="0.010" /><testcase classname="tests.test_vlm_config" name="test_ollama_smoke_uses_primary_vlm_json_mode_and_synthetic_image" time="0.001" /><testcase classname="tests.test_vlm_config" name="test_autonomous_complete_map_score_tolerance_is_small_and_bounded" time="0.009" /><testcase classname="tests.test_vlm_eval_gate" name="test_generate_exact_balanced_40_panel_taxonomy" time="0.481" /><testcase classname="tests.test_vlm_eval_gate" name="test_production_builder_requires_explicit_unique_good_defect_pairs" time="4.215" /><testcase classname="tests.test_vlm_eval_gate" name="test_gold_selection_builds_exact_governed_calibration_corpus" time="4.478" /><testcase classname="tests.test_vlm_eval_gate" name="test_gold_selection_refuses_unapproved_or_unverified_packages" time="0.123" /><testcase classname="tests.test_vlm_eval_gate" name="test_vlmqa_build_calibration_cli_reports_exact_balance" time="0.011" /><testcase classname="tests.test_vlm_eval_gate" name="test_production_builder_refuses_duplicate_or_ungoverned_sources" time="0.053" /><testcase classname="tests.test_vlm_eval_gate" name="test_eval_thresholds_and_model_prompt_change_invalidation" time="0.498" /><testcase classname="tests.test_vlm_eval_gate" name="test_gate_refuses_below_recall_or_precision" time="0.486" /><testcase classname="tests.test_vlm_eval_gate" name="test_vlmqa_eval_cli_scores_fixed_set" time="0.462" /><testcase classname="tests.test_vlm_production_catalog_binding" name="test_unavailable_runpod_visual_authority_abstains_without_assigned_roles" time="0.020" /><testcase classname="tests.test_vlm_production_catalog_binding" name="test_current_single_board_protocol_is_exactly_hash_bound" time="0.009" /><testcase classname="tests.test_vlm_production_catalog_binding" name="test_narrow_right_arm_protocol_canary_cannot_issue_role_authority" time="0.009" /><testcase classname="tests.test_vlm_production_catalog_binding" name="test_zero_valid_mask_candidates_remain_failed_and_unassigned" time="0.021" /><testcase classname="tests.test_vlm_production_catalog_binding" name="test_current_protocol_candidates_are_hash_bound_but_not_promoted" time="0.023" /><testcase classname="tests.test_vlm_text" name="test_text_llm_clustering_retries_then_seals_complete_mapping" time="0.018" /><testcase classname="tests.test_vlm_text" name="test_text_llm_clustering_refuses_omitted_reason_after_retry" time="0.012" /><testcase classname="tests.test_vlm_text" name="test_empty_failure_set_writes_no_model_call_evidence" time="0.016" /><testcase classname="tests.test_vlm_text" name="test_manifest_lint_retries_and_enforces_text_only_contract" time="0.008" /><testcase classname="tests.test_vlm_text" name="test_manifest_sweep_uses_configured_model_and_blocks_malformed_json" time="0.038" /><testcase classname="tests.test_vlm_text" name="test_manifest_lint_rejects_findings_marked_pass" time="0.009" /><testcase classname="tests.test_vlm_text" name="test_manifest_sweep_only_lints_new_or_changed_authoritative_packages" time="0.078" /><testcase classname="tests.test_vlm_workhorse" name="test_workhorse_evidence_preserves_six_independent_high_resolution_images" time="0.102" /><testcase classname="tests.test_vlm_workhorse" name="test_workhorse_audit_requires_per_image_observations_and_bounded_points" time="0.085" /><testcase classname="tests.test_vlm_workhorse" name="test_workhorse_prompt_spells_out_atomic_foot_boundary" time="0.085" /><testcase classname="tests.test_vlm_workhorse" name="test_workhorse_invalid_coordinates_fail_closed_after_retry" time="0.079" /><testcase classname="tests.test_vlm_workhorse" name="test_workhorse_transport_timeout_becomes_uncertain_vote" time="0.077" /><testcase classname="tests.test_vlm_workhorse" name="test_workhorse_executes_sam2_candidate_but_never_overwrites_current_mask" time="0.092" /><testcase classname="tests.test_vlm_workhorse" name="test_workhorse_rejects_candidate_that_crosses_protected_anatomy" time="0.078" /><testcase classname="tests.test_vlm_workhorse" name="test_workhorse_before_after_comparison_is_strict_and_uses_all_twelve_images" time="0.150" /><testcase classname="tests.test_vlm_workhorse" name="test_s11_missing_calibration_runs_workhorse_as_non_authoritative_shadow" time="0.666" /><testcase classname="tests.test_vlm_workhorse" name="test_workhorse_gate_fingerprint_covers_audit_and_compare_prompts" time="0.033" /><testcase classname="tests.test_vlm_workhorse" name="test_workhorse_evidence_exposes_specialist_contour_metrics_and_metadata" time="0.093" /><testcase classname="tests.test_vlm_workhorse" name="test_s11_routes_specialist_disagreement_and_registers_raw_tournament_candidate" time="0.576" /><testcase classname="tests.test_vlm_workhorse" name="test_deterministic_component_veto_overrides_false_vlm_pass_and_creates_cleanup" time="0.093" /><testcase classname="tests.test_vlm_workhorse" name="test_label_specific_autoqa_block_overrides_false_vlm_pass" time="0.078" /><testcase classname="tests.test_vlm_workhorse" name="test_unrelated_autoqa_finding_does_not_change_part_audit" time="0.079" /><testcase classname="tests.test_vlm_workhorse" name="test_route_only_autoqa_finding_is_advisory_to_independent_reviewer" time="0.085" /><testcase classname="tests.test_wsl_vhd_repair_script" name="test_repair_script_is_backup_first_and_never_self_elevates" time="0.001" /><testcase classname="tests.test_wsl_vhd_repair_script" name="test_repair_script_targets_only_one_verified_ext4_vhd" time="0.000" /><testcase classname="tests.test_wsl_vhd_repair_script" name="test_repair_script_preserves_docker_and_authority_boundaries" time="0.000" /><testcase classname="tests.test_wsl_vhd_repair_script" name="test_repair_script_hashes_and_probes_before_docker_restart" time="0.000" /><testcase classname="tests.test_yolo11_batch_runner" name="test_yolo_batch_uses_one_load_and_bounded_microbatches" time="0.043" /><testcase classname="tests.test_yolo11_batch_runner" name="test_yolo_batch_resumes_contiguous_prefix_after_failure" time="0.050" /><testcase classname="tests.test_yolo11_batch_runner" name="test_reference_shard_cannot_inherit_labels_or_annotations" time="0.030" /><testcase classname="tests.test_yolo11_batch_runner" name="test_source_hash_drift_fails_before_model_load" time="0.046" /></testsuite></testsuites>